<?xml version="1.0" encoding="UTF-8"?>
<!-- Generated by org.testng.reporters.JUnitReportReporter -->
<testsuite hostname="Prashant_Laptop" failures="0" tests="1" name="org.testing.TestCases.TC1" time="3.059" errors="0" timestamp="2024-10-25T17:24:50 IST" skipped="0">
  <testcase classname="org.testing.TestCases.TC1" name="LoginSauceDemo" time="3.059"/>
  <system-out/>
</testsuite> <!-- org.testing.TestCases.TC1 -->
