<?xml version="1.0" encoding="UTF-8"?>
<!-- Generated by org.testng.reporters.JUnitReportReporter -->
<testsuite hostname="Prashant_Laptop" failures="0" tests="1" name="org.testing.TestScript.LoginPage" time="4.521" errors="0" timestamp="2024-10-25T17:25:04 IST" skipped="0">
  <testcase classname="org.testing.TestScript.LoginPage" name="loginPage" time="4.521"/>
  <system-out/>
</testsuite> <!-- org.testing.TestScript.LoginPage -->
